{"numFailedTestSuites":1,"numFailedTests":5,"numPassedTestSuites":0,"numPassedTests":0,"numPendingTestSuites":0,"numPendingTests":0,"numRuntimeErrorTestSuites":0,"numTodoTests":0,"numTotalTestSuites":1,"numTotalTests":5,"openHandles":[],"snapshot":{"added":0,"didUpdate":false,"failure":false,"filesAdded":0,"filesRemoved":0,"filesRemovedList":[],"filesUnmatched":0,"filesUpdated":0,"matched":0,"total":0,"unchecked":0,"uncheckedKeysByFile":[],"unmatched":0,"updated":0},"startTime":1734075017096,"success":false,"testResults":[{"assertionResults":[{"ancestorTitles":["index.js"],"failureMessages":["TypeError: Cannot read properties of undefined (reading 'render')\n    at Object.<anonymous> (/Users/raviranjan/Documents/agents/react-jest-unit-testing-demo/src/index.js:9:6)\n    at Runtime._execModule (/Users/raviranjan/Documents/agents/react-jest-unit-testing-demo/node_modules/jest-runtime/build/index.js:1646:24)\n    at Runtime._loadModule (/Users/raviranjan/Documents/agents/react-jest-unit-testing-demo/node_modules/jest-runtime/build/index.js:1185:12)\n    at Runtime.requireModule (/Users/raviranjan/Documents/agents/react-jest-unit-testing-demo/node_modules/jest-runtime/build/index.js:1009:12)\n    at Runtime.require [as requireModuleOrMock] (/Users/raviranjan/Documents/agents/react-jest-unit-testing-demo/node_modules/jest-runtime/build/index.js:1210:21)\n    at Object.<anonymous> (/Users/raviranjan/Documents/agents/react-jest-unit-testing-demo/src/__test__/index.baserock.test.js:37:5)\n    at Promise.then.completed (/Users/raviranjan/Documents/agents/react-jest-unit-testing-demo/node_modules/jest-circus/build/utils.js:391:28)\n    at new Promise (<anonymous>)\n    at callAsyncCircusFn (/Users/raviranjan/Documents/agents/react-jest-unit-testing-demo/node_modules/jest-circus/build/utils.js:316:10)\n    at _callCircusTest (/Users/raviranjan/Documents/agents/react-jest-unit-testing-demo/node_modules/jest-circus/build/run.js:218:40)\n    at _runTest (/Users/raviranjan/Documents/agents/react-jest-unit-testing-demo/node_modules/jest-circus/build/run.js:155:3)\n    at _runTestsForDescribeBlock (/Users/raviranjan/Documents/agents/react-jest-unit-testing-demo/node_modules/jest-circus/build/run.js:66:9)\n    at _runTestsForDescribeBlock (/Users/raviranjan/Documents/agents/react-jest-unit-testing-demo/node_modules/jest-circus/build/run.js:60:9)\n    at run (/Users/raviranjan/Documents/agents/react-jest-unit-testing-demo/node_modules/jest-circus/build/run.js:25:3)\n    at runAndTransformResultsToJestFormat (/Users/raviranjan/Documents/agents/react-jest-unit-testing-demo/node_modules/jest-circus/build/legacy-code-todo-rewrite/jestAdapterInit.js:170:21)\n    at jestAdapter (/Users/raviranjan/Documents/agents/react-jest-unit-testing-demo/node_modules/jest-circus/build/legacy-code-todo-rewrite/jestAdapter.js:82:19)\n    at runTestInternal (/Users/raviranjan/Documents/agents/react-jest-unit-testing-demo/node_modules/jest-runner/build/runTest.js:389:16)\n    at runTest (/Users/raviranjan/Documents/agents/react-jest-unit-testing-demo/node_modules/jest-runner/build/runTest.js:475:34)\n    at TestRunner.runTests (/Users/raviranjan/Documents/agents/react-jest-unit-testing-demo/node_modules/jest-runner/build/index.js:101:12)\n    at TestScheduler.scheduleTests (/Users/raviranjan/Documents/agents/react-jest-unit-testing-demo/node_modules/@jest/core/build/TestScheduler.js:333:13)\n    at runJest (/Users/raviranjan/Documents/agents/react-jest-unit-testing-demo/node_modules/@jest/core/build/runJest.js:404:19)\n    at _run10000 (/Users/raviranjan/Documents/agents/react-jest-unit-testing-demo/node_modules/@jest/core/build/cli/index.js:320:7)\n    at runCLI (/Users/raviranjan/Documents/agents/react-jest-unit-testing-demo/node_modules/@jest/core/build/cli/index.js:173:3)\n    at Object.run (/Users/raviranjan/Documents/agents/react-jest-unit-testing-demo/node_modules/jest-cli/build/cli/index.js:155:37)"],"fullName":"index.js renders App component in root element","location":null,"status":"failed","title":"renders App component in root element"},{"ancestorTitles":["index.js"],"failureMessages":["TypeError: Cannot read properties of undefined (reading 'render')\n    at Object.<anonymous> (/Users/raviranjan/Documents/agents/react-jest-unit-testing-demo/src/index.js:9:6)\n    at Runtime._execModule (/Users/raviranjan/Documents/agents/react-jest-unit-testing-demo/node_modules/jest-runtime/build/index.js:1646:24)\n    at Runtime._loadModule (/Users/raviranjan/Documents/agents/react-jest-unit-testing-demo/node_modules/jest-runtime/build/index.js:1185:12)\n    at Runtime.requireModule (/Users/raviranjan/Documents/agents/react-jest-unit-testing-demo/node_modules/jest-runtime/build/index.js:1009:12)\n    at Runtime.require [as requireModuleOrMock] (/Users/raviranjan/Documents/agents/react-jest-unit-testing-demo/node_modules/jest-runtime/build/index.js:1210:21)\n    at Object.<anonymous> (/Users/raviranjan/Documents/agents/react-jest-unit-testing-demo/src/__test__/index.baserock.test.js:51:5)\n    at Promise.then.completed (/Users/raviranjan/Documents/agents/react-jest-unit-testing-demo/node_modules/jest-circus/build/utils.js:391:28)\n    at new Promise (<anonymous>)\n    at callAsyncCircusFn (/Users/raviranjan/Documents/agents/react-jest-unit-testing-demo/node_modules/jest-circus/build/utils.js:316:10)\n    at _callCircusTest (/Users/raviranjan/Documents/agents/react-jest-unit-testing-demo/node_modules/jest-circus/build/run.js:218:40)\n    at _runTest (/Users/raviranjan/Documents/agents/react-jest-unit-testing-demo/node_modules/jest-circus/build/run.js:155:3)\n    at _runTestsForDescribeBlock (/Users/raviranjan/Documents/agents/react-jest-unit-testing-demo/node_modules/jest-circus/build/run.js:66:9)\n    at _runTestsForDescribeBlock (/Users/raviranjan/Documents/agents/react-jest-unit-testing-demo/node_modules/jest-circus/build/run.js:60:9)\n    at run (/Users/raviranjan/Documents/agents/react-jest-unit-testing-demo/node_modules/jest-circus/build/run.js:25:3)\n    at runAndTransformResultsToJestFormat (/Users/raviranjan/Documents/agents/react-jest-unit-testing-demo/node_modules/jest-circus/build/legacy-code-todo-rewrite/jestAdapterInit.js:170:21)\n    at jestAdapter (/Users/raviranjan/Documents/agents/react-jest-unit-testing-demo/node_modules/jest-circus/build/legacy-code-todo-rewrite/jestAdapter.js:82:19)\n    at runTestInternal (/Users/raviranjan/Documents/agents/react-jest-unit-testing-demo/node_modules/jest-runner/build/runTest.js:389:16)\n    at runTest (/Users/raviranjan/Documents/agents/react-jest-unit-testing-demo/node_modules/jest-runner/build/runTest.js:475:34)\n    at TestRunner.runTests (/Users/raviranjan/Documents/agents/react-jest-unit-testing-demo/node_modules/jest-runner/build/index.js:101:12)\n    at TestScheduler.scheduleTests (/Users/raviranjan/Documents/agents/react-jest-unit-testing-demo/node_modules/@jest/core/build/TestScheduler.js:333:13)\n    at runJest (/Users/raviranjan/Documents/agents/react-jest-unit-testing-demo/node_modules/@jest/core/build/runJest.js:404:19)\n    at _run10000 (/Users/raviranjan/Documents/agents/react-jest-unit-testing-demo/node_modules/@jest/core/build/cli/index.js:320:7)\n    at runCLI (/Users/raviranjan/Documents/agents/react-jest-unit-testing-demo/node_modules/@jest/core/build/cli/index.js:173:3)\n    at Object.run (/Users/raviranjan/Documents/agents/react-jest-unit-testing-demo/node_modules/jest-cli/build/cli/index.js:155:37)"],"fullName":"index.js renders Counter component in count element","location":null,"status":"failed","title":"renders Counter component in count element"},{"ancestorTitles":["index.js"],"failureMessages":["TypeError: Cannot read properties of undefined (reading 'render')\n    at Object.<anonymous> (/Users/raviranjan/Documents/agents/react-jest-unit-testing-demo/src/index.js:9:6)\n    at Runtime._execModule (/Users/raviranjan/Documents/agents/react-jest-unit-testing-demo/node_modules/jest-runtime/build/index.js:1646:24)\n    at Runtime._loadModule (/Users/raviranjan/Documents/agents/react-jest-unit-testing-demo/node_modules/jest-runtime/build/index.js:1185:12)\n    at Runtime.requireModule (/Users/raviranjan/Documents/agents/react-jest-unit-testing-demo/node_modules/jest-runtime/build/index.js:1009:12)\n    at Runtime.require [as requireModuleOrMock] (/Users/raviranjan/Documents/agents/react-jest-unit-testing-demo/node_modules/jest-runtime/build/index.js:1210:21)\n    at Object.<anonymous> (/Users/raviranjan/Documents/agents/react-jest-unit-testing-demo/src/__test__/index.baserock.test.js:65:5)\n    at Promise.then.completed (/Users/raviranjan/Documents/agents/react-jest-unit-testing-demo/node_modules/jest-circus/build/utils.js:391:28)\n    at new Promise (<anonymous>)\n    at callAsyncCircusFn (/Users/raviranjan/Documents/agents/react-jest-unit-testing-demo/node_modules/jest-circus/build/utils.js:316:10)\n    at _callCircusTest (/Users/raviranjan/Documents/agents/react-jest-unit-testing-demo/node_modules/jest-circus/build/run.js:218:40)\n    at _runTest (/Users/raviranjan/Documents/agents/react-jest-unit-testing-demo/node_modules/jest-circus/build/run.js:155:3)\n    at _runTestsForDescribeBlock (/Users/raviranjan/Documents/agents/react-jest-unit-testing-demo/node_modules/jest-circus/build/run.js:66:9)\n    at _runTestsForDescribeBlock (/Users/raviranjan/Documents/agents/react-jest-unit-testing-demo/node_modules/jest-circus/build/run.js:60:9)\n    at run (/Users/raviranjan/Documents/agents/react-jest-unit-testing-demo/node_modules/jest-circus/build/run.js:25:3)\n    at runAndTransformResultsToJestFormat (/Users/raviranjan/Documents/agents/react-jest-unit-testing-demo/node_modules/jest-circus/build/legacy-code-todo-rewrite/jestAdapterInit.js:170:21)\n    at jestAdapter (/Users/raviranjan/Documents/agents/react-jest-unit-testing-demo/node_modules/jest-circus/build/legacy-code-todo-rewrite/jestAdapter.js:82:19)\n    at runTestInternal (/Users/raviranjan/Documents/agents/react-jest-unit-testing-demo/node_modules/jest-runner/build/runTest.js:389:16)\n    at runTest (/Users/raviranjan/Documents/agents/react-jest-unit-testing-demo/node_modules/jest-runner/build/runTest.js:475:34)\n    at TestRunner.runTests (/Users/raviranjan/Documents/agents/react-jest-unit-testing-demo/node_modules/jest-runner/build/index.js:101:12)\n    at TestScheduler.scheduleTests (/Users/raviranjan/Documents/agents/react-jest-unit-testing-demo/node_modules/@jest/core/build/TestScheduler.js:333:13)\n    at runJest (/Users/raviranjan/Documents/agents/react-jest-unit-testing-demo/node_modules/@jest/core/build/runJest.js:404:19)\n    at _run10000 (/Users/raviranjan/Documents/agents/react-jest-unit-testing-demo/node_modules/@jest/core/build/cli/index.js:320:7)\n    at runCLI (/Users/raviranjan/Documents/agents/react-jest-unit-testing-demo/node_modules/@jest/core/build/cli/index.js:173:3)\n    at Object.run (/Users/raviranjan/Documents/agents/react-jest-unit-testing-demo/node_modules/jest-cli/build/cli/index.js:155:37)"],"fullName":"index.js calls reportWebVitals","location":null,"status":"failed","title":"calls reportWebVitals"},{"ancestorTitles":["index.js"],"failureMessages":["TypeError: Cannot read properties of undefined (reading 'render')\n    at Object.<anonymous> (/Users/raviranjan/Documents/agents/react-jest-unit-testing-demo/src/index.js:9:6)\n    at Runtime._execModule (/Users/raviranjan/Documents/agents/react-jest-unit-testing-demo/node_modules/jest-runtime/build/index.js:1646:24)\n    at Runtime._loadModule (/Users/raviranjan/Documents/agents/react-jest-unit-testing-demo/node_modules/jest-runtime/build/index.js:1185:12)\n    at Runtime.requireModule (/Users/raviranjan/Documents/agents/react-jest-unit-testing-demo/node_modules/jest-runtime/build/index.js:1009:12)\n    at Runtime.require [as requireModuleOrMock] (/Users/raviranjan/Documents/agents/react-jest-unit-testing-demo/node_modules/jest-runtime/build/index.js:1210:21)\n    at Object.<anonymous> (/Users/raviranjan/Documents/agents/react-jest-unit-testing-demo/src/__test__/index.baserock.test.js:72:5)\n    at Promise.then.completed (/Users/raviranjan/Documents/agents/react-jest-unit-testing-demo/node_modules/jest-circus/build/utils.js:391:28)\n    at new Promise (<anonymous>)\n    at callAsyncCircusFn (/Users/raviranjan/Documents/agents/react-jest-unit-testing-demo/node_modules/jest-circus/build/utils.js:316:10)\n    at _callCircusTest (/Users/raviranjan/Documents/agents/react-jest-unit-testing-demo/node_modules/jest-circus/build/run.js:218:40)\n    at _runTest (/Users/raviranjan/Documents/agents/react-jest-unit-testing-demo/node_modules/jest-circus/build/run.js:155:3)\n    at _runTestsForDescribeBlock (/Users/raviranjan/Documents/agents/react-jest-unit-testing-demo/node_modules/jest-circus/build/run.js:66:9)\n    at _runTestsForDescribeBlock (/Users/raviranjan/Documents/agents/react-jest-unit-testing-demo/node_modules/jest-circus/build/run.js:60:9)\n    at run (/Users/raviranjan/Documents/agents/react-jest-unit-testing-demo/node_modules/jest-circus/build/run.js:25:3)\n    at runAndTransformResultsToJestFormat (/Users/raviranjan/Documents/agents/react-jest-unit-testing-demo/node_modules/jest-circus/build/legacy-code-todo-rewrite/jestAdapterInit.js:170:21)\n    at jestAdapter (/Users/raviranjan/Documents/agents/react-jest-unit-testing-demo/node_modules/jest-circus/build/legacy-code-todo-rewrite/jestAdapter.js:82:19)\n    at runTestInternal (/Users/raviranjan/Documents/agents/react-jest-unit-testing-demo/node_modules/jest-runner/build/runTest.js:389:16)\n    at runTest (/Users/raviranjan/Documents/agents/react-jest-unit-testing-demo/node_modules/jest-runner/build/runTest.js:475:34)\n    at TestRunner.runTests (/Users/raviranjan/Documents/agents/react-jest-unit-testing-demo/node_modules/jest-runner/build/index.js:101:12)\n    at TestScheduler.scheduleTests (/Users/raviranjan/Documents/agents/react-jest-unit-testing-demo/node_modules/@jest/core/build/TestScheduler.js:333:13)\n    at runJest (/Users/raviranjan/Documents/agents/react-jest-unit-testing-demo/node_modules/@jest/core/build/runJest.js:404:19)\n    at _run10000 (/Users/raviranjan/Documents/agents/react-jest-unit-testing-demo/node_modules/@jest/core/build/cli/index.js:320:7)\n    at runCLI (/Users/raviranjan/Documents/agents/react-jest-unit-testing-demo/node_modules/@jest/core/build/cli/index.js:173:3)\n    at Object.run (/Users/raviranjan/Documents/agents/react-jest-unit-testing-demo/node_modules/jest-cli/build/cli/index.js:155:37)"],"fullName":"index.js handles missing root element gracefully","location":null,"status":"failed","title":"handles missing root element gracefully"},{"ancestorTitles":["index.js"],"failureMessages":["TypeError: Cannot read properties of undefined (reading 'render')\n    at Object.<anonymous> (/Users/raviranjan/Documents/agents/react-jest-unit-testing-demo/src/index.js:9:6)\n    at Runtime._execModule (/Users/raviranjan/Documents/agents/react-jest-unit-testing-demo/node_modules/jest-runtime/build/index.js:1646:24)\n    at Runtime._loadModule (/Users/raviranjan/Documents/agents/react-jest-unit-testing-demo/node_modules/jest-runtime/build/index.js:1185:12)\n    at Runtime.requireModule (/Users/raviranjan/Documents/agents/react-jest-unit-testing-demo/node_modules/jest-runtime/build/index.js:1009:12)\n    at Runtime.require [as requireModuleOrMock] (/Users/raviranjan/Documents/agents/react-jest-unit-testing-demo/node_modules/jest-runtime/build/index.js:1210:21)\n    at Object.<anonymous> (/Users/raviranjan/Documents/agents/react-jest-unit-testing-demo/src/__test__/index.baserock.test.js:79:5)\n    at Promise.then.completed (/Users/raviranjan/Documents/agents/react-jest-unit-testing-demo/node_modules/jest-circus/build/utils.js:391:28)\n    at new Promise (<anonymous>)\n    at callAsyncCircusFn (/Users/raviranjan/Documents/agents/react-jest-unit-testing-demo/node_modules/jest-circus/build/utils.js:316:10)\n    at _callCircusTest (/Users/raviranjan/Documents/agents/react-jest-unit-testing-demo/node_modules/jest-circus/build/run.js:218:40)\n    at _runTest (/Users/raviranjan/Documents/agents/react-jest-unit-testing-demo/node_modules/jest-circus/build/run.js:155:3)\n    at _runTestsForDescribeBlock (/Users/raviranjan/Documents/agents/react-jest-unit-testing-demo/node_modules/jest-circus/build/run.js:66:9)\n    at _runTestsForDescribeBlock (/Users/raviranjan/Documents/agents/react-jest-unit-testing-demo/node_modules/jest-circus/build/run.js:60:9)\n    at run (/Users/raviranjan/Documents/agents/react-jest-unit-testing-demo/node_modules/jest-circus/build/run.js:25:3)\n    at runAndTransformResultsToJestFormat (/Users/raviranjan/Documents/agents/react-jest-unit-testing-demo/node_modules/jest-circus/build/legacy-code-todo-rewrite/jestAdapterInit.js:170:21)\n    at jestAdapter (/Users/raviranjan/Documents/agents/react-jest-unit-testing-demo/node_modules/jest-circus/build/legacy-code-todo-rewrite/jestAdapter.js:82:19)\n    at runTestInternal (/Users/raviranjan/Documents/agents/react-jest-unit-testing-demo/node_modules/jest-runner/build/runTest.js:389:16)\n    at runTest (/Users/raviranjan/Documents/agents/react-jest-unit-testing-demo/node_modules/jest-runner/build/runTest.js:475:34)\n    at TestRunner.runTests (/Users/raviranjan/Documents/agents/react-jest-unit-testing-demo/node_modules/jest-runner/build/index.js:101:12)\n    at TestScheduler.scheduleTests (/Users/raviranjan/Documents/agents/react-jest-unit-testing-demo/node_modules/@jest/core/build/TestScheduler.js:333:13)\n    at runJest (/Users/raviranjan/Documents/agents/react-jest-unit-testing-demo/node_modules/@jest/core/build/runJest.js:404:19)\n    at _run10000 (/Users/raviranjan/Documents/agents/react-jest-unit-testing-demo/node_modules/@jest/core/build/cli/index.js:320:7)\n    at runCLI (/Users/raviranjan/Documents/agents/react-jest-unit-testing-demo/node_modules/@jest/core/build/cli/index.js:173:3)\n    at Object.run (/Users/raviranjan/Documents/agents/react-jest-unit-testing-demo/node_modules/jest-cli/build/cli/index.js:155:37)"],"fullName":"index.js handles missing count element gracefully","location":null,"status":"failed","title":"handles missing count element gracefully"}],"endTime":1734075017443,"message":"  ● index.js › renders App component in root element\n\n    TypeError: Cannot read properties of undefined (reading 'render')\n\n       7 |\n       8 | const root = ReactDOM.createRoot(document.getElementById('root'));\n    >  9 | root.render(\n         |      ^\n      10 |   <React.StrictMode>\n      11 |     <App />\n      12 |   </React.StrictMode>\n\n      at Object.<anonymous> (src/index.js:9:6)\n      at Object.<anonymous> (src/__test__/index.baserock.test.js:37:5)\n\n  ● index.js › renders Counter component in count element\n\n    TypeError: Cannot read properties of undefined (reading 'render')\n\n       7 |\n       8 | const root = ReactDOM.createRoot(document.getElementById('root'));\n    >  9 | root.render(\n         |      ^\n      10 |   <React.StrictMode>\n      11 |     <App />\n      12 |   </React.StrictMode>\n\n      at Object.<anonymous> (src/index.js:9:6)\n      at Object.<anonymous> (src/__test__/index.baserock.test.js:51:5)\n\n  ● index.js › calls reportWebVitals\n\n    TypeError: Cannot read properties of undefined (reading 'render')\n\n       7 |\n       8 | const root = ReactDOM.createRoot(document.getElementById('root'));\n    >  9 | root.render(\n         |      ^\n      10 |   <React.StrictMode>\n      11 |     <App />\n      12 |   </React.StrictMode>\n\n      at Object.<anonymous> (src/index.js:9:6)\n      at Object.<anonymous> (src/__test__/index.baserock.test.js:65:5)\n\n  ● index.js › handles missing root element gracefully\n\n    TypeError: Cannot read properties of undefined (reading 'render')\n\n       7 |\n       8 | const root = ReactDOM.createRoot(document.getElementById('root'));\n    >  9 | root.render(\n         |      ^\n      10 |   <React.StrictMode>\n      11 |     <App />\n      12 |   </React.StrictMode>\n\n      at Object.<anonymous> (src/index.js:9:6)\n      at Object.<anonymous> (src/__test__/index.baserock.test.js:72:5)\n\n  ● index.js › handles missing count element gracefully\n\n    TypeError: Cannot read properties of undefined (reading 'render')\n\n       7 |\n       8 | const root = ReactDOM.createRoot(document.getElementById('root'));\n    >  9 | root.render(\n         |      ^\n      10 |   <React.StrictMode>\n      11 |     <App />\n      12 |   </React.StrictMode>\n\n      at Object.<anonymous> (src/index.js:9:6)\n      at Object.<anonymous> (src/__test__/index.baserock.test.js:79:5)\n","name":"/Users/raviranjan/Documents/agents/react-jest-unit-testing-demo/src/__test__/index.baserock.test.js","startTime":1734075017254,"status":"failed","summary":""}],"wasInterrupted":false,"coverageMap":{"/Users/raviranjan/Documents/agents/react-jest-unit-testing-demo/src/App.js":{"path":"/Users/raviranjan/Documents/agents/react-jest-unit-testing-demo/src/App.js","statementMap":{"0":{"start":{"line":5,"column":2},"end":{"line":23,"column":4}}},"fnMap":{"0":{"name":"App","decl":{"start":{"line":4,"column":9},"end":{"line":4,"column":12}},"loc":{"start":{"line":4,"column":15},"end":{"line":24,"column":1}},"line":4}},"branchMap":{},"s":{"0":0},"f":{"0":0},"b":{},"_coverageSchema":"1a1c01bbd47fc00a2c39e90264f33305004495a9","hash":"c4325bf33cf60119208d43595ceebb3948e7911b"},"/Users/raviranjan/Documents/agents/react-jest-unit-testing-demo/src/Counter.js":{"path":"/Users/raviranjan/Documents/agents/react-jest-unit-testing-demo/src/Counter.js","statementMap":{"0":{"start":{"line":3,"column":16},"end":{"line":21,"column":1}},"1":{"start":{"line":4,"column":34},"end":{"line":4,"column":45}},"2":{"start":{"line":6,"column":29},"end":{"line":8,"column":5}},"3":{"start":{"line":7,"column":8},"end":{"line":7,"column":53}},"4":{"start":{"line":7,"column":36},"end":{"line":7,"column":51}},"5":{"start":{"line":10,"column":29},"end":{"line":12,"column":5}},"6":{"start":{"line":11,"column":8},"end":{"line":11,"column":53}},"7":{"start":{"line":11,"column":36},"end":{"line":11,"column":51}},"8":{"start":{"line":14,"column":4},"end":{"line":20,"column":6}}},"fnMap":{"0":{"name":"(anonymous_0)","decl":{"start":{"line":3,"column":16},"end":{"line":3,"column":17}},"loc":{"start":{"line":3,"column":22},"end":{"line":21,"column":1}},"line":3},"1":{"name":"(anonymous_1)","decl":{"start":{"line":6,"column":29},"end":{"line":6,"column":30}},"loc":{"start":{"line":6,"column":35},"end":{"line":8,"column":5}},"line":6},"2":{"name":"(anonymous_2)","decl":{"start":{"line":7,"column":19},"end":{"line":7,"column":20}},"loc":{"start":{"line":7,"column":36},"end":{"line":7,"column":51}},"line":7},"3":{"name":"(anonymous_3)","decl":{"start":{"line":10,"column":29},"end":{"line":10,"column":30}},"loc":{"start":{"line":10,"column":35},"end":{"line":12,"column":5}},"line":10},"4":{"name":"(anonymous_4)","decl":{"start":{"line":11,"column":19},"end":{"line":11,"column":20}},"loc":{"start":{"line":11,"column":36},"end":{"line":11,"column":51}},"line":11}},"branchMap":{},"s":{"0":1,"1":0,"2":0,"3":0,"4":0,"5":0,"6":0,"7":0,"8":0},"f":{"0":0,"1":0,"2":0,"3":0,"4":0},"b":{},"_coverageSchema":"1a1c01bbd47fc00a2c39e90264f33305004495a9","hash":"5ee62b84024c8227b56e79239f252c8d352c09cb"},"/Users/raviranjan/Documents/agents/react-jest-unit-testing-demo/src/index.js":{"path":"/Users/raviranjan/Documents/agents/react-jest-unit-testing-demo/src/index.js","statementMap":{"0":{"start":{"line":8,"column":13},"end":{"line":8,"column":65}},"1":{"start":{"line":9,"column":0},"end":{"line":13,"column":2}},"2":{"start":{"line":14,"column":14},"end":{"line":14,"column":67}},"3":{"start":{"line":15,"column":0},"end":{"line":19,"column":2}},"4":{"start":{"line":24,"column":0},"end":{"line":24,"column":18}}},"fnMap":{},"branchMap":{},"s":{"0":5,"1":5,"2":0,"3":0,"4":0},"f":{},"b":{},"_coverageSchema":"1a1c01bbd47fc00a2c39e90264f33305004495a9","hash":"74015689485c987707eb01d2c72697a7a98f83aa"},"/Users/raviranjan/Documents/agents/react-jest-unit-testing-demo/src/reportWebVitals.js":{"path":"/Users/raviranjan/Documents/agents/react-jest-unit-testing-demo/src/reportWebVitals.js","statementMap":{"0":{"start":{"line":1,"column":24},"end":{"line":11,"column":1}},"1":{"start":{"line":2,"column":2},"end":{"line":10,"column":3}},"2":{"start":{"line":3,"column":4},"end":{"line":9,"column":7}},"3":{"start":{"line":4,"column":6},"end":{"line":4,"column":26}},"4":{"start":{"line":5,"column":6},"end":{"line":5,"column":26}},"5":{"start":{"line":6,"column":6},"end":{"line":6,"column":26}},"6":{"start":{"line":7,"column":6},"end":{"line":7,"column":26}},"7":{"start":{"line":8,"column":6},"end":{"line":8,"column":27}}},"fnMap":{"0":{"name":"(anonymous_0)","decl":{"start":{"line":1,"column":24},"end":{"line":1,"column":25}},"loc":{"start":{"line":1,"column":39},"end":{"line":11,"column":1}},"line":1},"1":{"name":"(anonymous_1)","decl":{"start":{"line":3,"column":30},"end":{"line":3,"column":31}},"loc":{"start":{"line":3,"column":79},"end":{"line":9,"column":5}},"line":3}},"branchMap":{"0":{"loc":{"start":{"line":2,"column":2},"end":{"line":10,"column":3}},"type":"if","locations":[{"start":{"line":2,"column":2},"end":{"line":10,"column":3}},{"start":{},"end":{}}],"line":2},"1":{"loc":{"start":{"line":2,"column":6},"end":{"line":2,"column":52}},"type":"binary-expr","locations":[{"start":{"line":2,"column":6},"end":{"line":2,"column":17}},{"start":{"line":2,"column":21},"end":{"line":2,"column":52}}],"line":2}},"s":{"0":0,"1":0,"2":0,"3":0,"4":0,"5":0,"6":0,"7":0},"f":{"0":0,"1":0},"b":{"0":[0,0],"1":[0,0]}}}}